[16:41:50][PluginLoader][INFO] No plugins found.
[16:41:50][ProcessManager][WARNING] Failed to read PIDs: pid-list.txt (The system cannot find the file specified)
[16:41:50][NATTCore][INFO] NATT CORE initialization done
Version: 1.7.0 
Configuration path: https://gitlab.com/ap5vs/test-config/telnet-server-config/-/raw/main/test-config-3.yaml?ref_type=heads
Configuration loading mode: FROM URL
[16:41:50][NATTCore][INFO] Working directory path: C:\Users\Fidga\Desktop\Files\School\Java\telnet-server
[16:41:50][NATTCore][INFO] Start loading of the configuration file ...
[16:41:50][NetworkIO][INFO] Yaml data has been loaded from network location (https://gitlab.com/ap5vs/test-config/telnet-server-config/-/raw/main/test-config-3.yaml?ref_type=heads)
[16:41:50][NATTCore][INFO] Configuration loading done
[16:41:50][NATTCore][INFO] Start building test structure according to the configuration ...
[16:41:50][NATTCore][INFO] Test structure ...
[16:41:51][NATTCore][INFO] Test structure building done
[16:41:51][NATTCore][INFO] Start test executing ...
[16:41:51][TestReportGenerator][INFO] Extenet reports generated. Final report will be saved to file: test_report.html
[16:41:51][NATTCore][INFO] Starts execution on the root keyword  ...
[16:41:51][MessageBuffer][INFO] Message buffer created for module with name: default
[16:41:51][ExternalProgramRunner][INFO] (default) Run external app with command: java -jar app/build/libs/app.jar 9999 5
[16:41:51][ProcessManager][INFO] New PID (20700) added to file
[16:41:51][WaitKw][INFO] Waiting: 800 ms
[16:41:51][ProcessManager][INFO] PID (20700) removed from file
[16:41:51][ExternalProgramRunner][WARNING] (default) External application ends with error: 1
[16:41:51][ExternalProgramRunner][WARNING] (default) Error message from external application: Error: Unable to access jarfile app/build/libs/app.jar

[16:41:52][MessageBuffer][INFO] Message buffer created for module with name: client-1
[16:41:52][TelnetClient][WARNING] (client-1) Failed to establish a connection with the host 'localhost' on port '9999'
[16:41:52][WaitKw][INFO] Waiting: 600 ms
[16:41:52][TestSuiteKw][INFO] Test case 'Test komunikace jednoho klienta 1' starts executing now
[16:41:52][WaitKw][INFO] Waiting: 900 ms
[16:41:53][NATTContext][INFO] Data has been stored in to the variable 'var-1'. Data value: 
[16:41:53][AssertEqualsKw][WARNING] Assertion failed. True was expected as the result. Condition: (Value of variable '' must equals expected text 'This is a test message')
[16:41:53][TestSuiteKw][ERROR] Test suite 'Testov√°n√≠ serveru s jedn√≠m klientem' - Test case 'Test komunikace jednoho klienta 1' failed
[16:41:53][MessageBuffer][INFO] Message buffer cleared
[16:41:54][TestSuiteKw][INFO] Test case 'Test komunikace jednoho klienta 2' starts executing now
[16:41:54][WaitKw][INFO] Waiting: 600 ms
[16:41:54][WaitKw][INFO] Waiting: 900 ms
[16:41:55][NATTContext][INFO] Data has been stored in to the variable 'var-1'. Data value: 
[16:41:55][NATTContext][INFO] Data has been stored in to the variable 'var-2'. Data value: 
[16:41:55][AssertEqualsKw][WARNING] Assertion failed. True was expected as the result. Condition: (Value of variable '' must equals expected text 'Testing message 123')
[16:41:55][AssertEqualsKw][WARNING] Assertion failed. True was expected as the result. Condition: (Value of variable '' must equals expected text 'Lorem ipsum dolor sit amet, consectetur adipiscing elit. Sed do eiusmod tempor incididunt ut labore et dolore magna aliqua.')
[16:41:55][TestSuiteKw][ERROR] Test suite 'Testov√°n√≠ serveru s jedn√≠m klientem' - Test case 'Test komunikace jednoho klienta 2' failed
[16:41:55][MessageBuffer][INFO] Message buffer cleared
[16:41:56][MessageBuffer][INFO] Message buffer cleared
[16:41:56][TelnetClient][INFO] (client-1) Telnet client [client-1] terminated
[16:41:56][TelnetClient][WARNING] (client-1) Failed to establish a connection with the host 'localhost' on port '9999'
[16:41:56][MessageBuffer][INFO] Message buffer created for module with name: client-2
[16:41:56][TelnetClient][WARNING] (client-2) Failed to establish a connection with the host 'localhost' on port '9999'
[16:41:56][MessageBuffer][INFO] Message buffer created for module with name: client-3
[16:41:56][TelnetClient][WARNING] (client-3) Failed to establish a connection with the host 'localhost' on port '9999'
[16:41:56][WaitKw][INFO] Waiting: 800 ms
[16:41:57][TestSuiteKw][INFO] Test case 'Test komunikace v√≠ce klient≈Ø 1' starts executing now
[16:41:57][WaitKw][INFO] Waiting: 900 ms
[16:41:58][NATTContext][INFO] Data has been stored in to the variable 'var-1'. Data value: 
[16:41:58][NATTContext][INFO] Data has been stored in to the variable 'var-2'. Data value: 
[16:41:58][NATTContext][INFO] Data has been stored in to the variable 'var-3'. Data value: 
[16:41:58][AssertEqualsKw][WARNING] Assertion failed. True was expected as the result. Condition: (Value of variable '' must equals expected text 'This is testing message 987654321')
[16:41:58][AssertEqualsKw][WARNING] Assertion failed. True was expected as the result. Condition: (Value of variable '' must equals expected text 'This is testing message from client #2')
[16:41:58][AssertEqualsKw][WARNING] Assertion failed. True was expected as the result. Condition: (Value of variable '' must equals expected text 'Next testing message from client 3!!')
[16:41:58][TestSuiteKw][ERROR] Test suite 'Testov√°n√≠ serveru s v√≠ce klienty' - Test case 'Test komunikace v√≠ce klient≈Ø 1' failed
[16:41:58][MessageBuffer][INFO] Message buffer cleared
[16:41:59][TestSuiteKw][INFO] Test case 'Test komunikace v√≠ce klient≈Ø 2' starts executing now
[16:41:59][WaitKw][INFO] Waiting: 1400 ms
[16:42:00][NATTContext][INFO] Data has been stored in to the variable 'var-1'. Data value: 0
[16:42:00][NATTContext][INFO] Data has been stored in to the variable 'var-2'. Data value: 0
[16:42:00][NATTContext][INFO] Data has been stored in to the variable 'var-3'. Data value: 0
[16:42:00][AssertEqualsKw][WARNING] Assertion failed. True was expected as the result. Condition: (Expected value '3,000000' must be same as the value of the variable '0')
[16:42:00][AssertEqualsKw][WARNING] Assertion failed. True was expected as the result. Condition: (Expected value '4,000000' must be same as the value of the variable '0')
[16:42:00][AssertEqualsKw][WARNING] Assertion failed. True was expected as the result. Condition: (Expected value '2,000000' must be same as the value of the variable '0')
[16:42:00][TestSuiteKw][ERROR] Test suite 'Testov√°n√≠ serveru s v√≠ce klienty' - Test case 'Test komunikace v√≠ce klient≈Ø 2' failed
[16:42:00][MessageBuffer][INFO] Message buffer cleared
[16:42:01][MessageBuffer][INFO] Message buffer cleared
[16:42:01][TelnetClient][INFO] (client-1) Telnet client [client-1] terminated
[16:42:01][TelnetClient][INFO] (client-2) Telnet client [client-2] terminated
[16:42:01][TelnetClient][INFO] (client-3) Telnet client [client-3] terminated
[16:42:01][TelnetClient][WARNING] (client-1) Failed to establish a connection with the host 'localhost' on port '9999'
[16:42:01][WaitKw][INFO] Waiting: 500 ms
[16:42:01][TelnetClient][WARNING] (client-2) Failed to establish a connection with the host 'localhost' on port '9999'
[16:42:01][WaitKw][INFO] Waiting: 500 ms
[16:42:02][TelnetClient][WARNING] (client-3) Failed to establish a connection with the host 'localhost' on port '9999'
[16:42:02][WaitKw][INFO] Waiting: 500 ms
[16:42:02][MessageBuffer][INFO] Message buffer created for module with name: client-4
[16:42:02][TelnetClient][WARNING] (client-4) Failed to establish a connection with the host 'localhost' on port '9999'
[16:42:02][WaitKw][INFO] Waiting: 500 ms
[16:42:03][MessageBuffer][INFO] Message buffer created for module with name: client-5
[16:42:03][TelnetClient][WARNING] (client-5) Failed to establish a connection with the host 'localhost' on port '9999'
[16:42:03][WaitKw][INFO] Waiting: 500 ms
[16:42:03][MessageBuffer][INFO] Message buffer created for module with name: client-6
[16:42:03][TelnetClient][WARNING] (client-6) Failed to establish a connection with the host 'localhost' on port '9999'
[16:42:03][WaitKw][INFO] Waiting: 500 ms
[16:42:04][TestSuiteKw][INFO] Test case 'Testov√°n√≠ omezen√≠ poƒ?tu klient≈Ø 1' starts executing now
[16:42:04][WaitKw][INFO] Waiting: 1200 ms
[16:42:05][NATTContext][INFO] Data has been stored in to the variable 'var-1'. Data value: 0
[16:42:05][NATTContext][INFO] Data has been stored in to the variable 'var-2'. Data value: 0
[16:42:05][AssertEqualsKw][WARNING] Assertion failed. True was expected as the result. Condition: (Expected value '2,000000' must be same as the value of the variable '0')
[16:42:05][TestSuiteKw][ERROR] Test suite 'Testov√°n√≠ omezen√≠ poƒ?tu p≈ôipojen√≠ k serveru' - Test case 'Testov√°n√≠ omezen√≠ poƒ?tu klient≈Ø 1' failed
[16:42:05][MessageBuffer][INFO] Message buffer cleared
[16:42:06][MessageBuffer][INFO] Message buffer cleared
[16:42:06][TelnetClient][INFO] (client-1) Telnet client [client-1] terminated
[16:42:06][TelnetClient][INFO] (client-2) Telnet client [client-2] terminated
[16:42:06][TelnetClient][INFO] (client-3) Telnet client [client-3] terminated
[16:42:06][TelnetClient][INFO] (client-4) Telnet client [client-4] terminated
[16:42:06][TelnetClient][INFO] (client-5) Telnet client [client-5] terminated
[16:42:06][TelnetClient][INFO] (client-6) Telnet client [client-6] terminated
[16:42:06][MessageBuffer][INFO] Message buffer cleared
[16:42:06][NATTCore][INFO] Test executing finished
[16:42:06][NATTCore][INFO] Start generating test report
[16:42:06][TestReportGenerator][INFO] Report saved to file
[16:42:06][NATTCore][WARNING] Failed test cases: "Test suite 'Testov√°n√≠ serveru s jedn√≠m klientem' initialization", "Test suite 'Testov√°n√≠ serveru s v√≠ce klienty' initialization", "Test suite 'Testov√°n√≠ omezen√≠ poƒ?tu p≈ôipojen√≠ k serveru' initialization", "Test komunikace jednoho klienta 1", "Test komunikace jednoho klienta 2", "Test komunikace v√≠ce klient≈Ø 1", "Test komunikace v√≠ce klient≈Ø 2", "Testov√°n√≠ omezen√≠ poƒ?tu klient≈Ø 1"
[16:42:06][NATTCore][INFO] Final score: 0,000000
[16:42:06][NATTCore][ERROR] Testing done. Leaving status: FAILED
